<?xml version="1.0" encoding="UTF-8"?>
<!-- Generated by org.testng.reporters.JUnitXMLReporter -->
<testsuite ignored="0" hostname="IPMDM20" failures="1" tests="4" name="Flow_Test" time="71.283" errors="0" timestamp="2025-03-19T18:48:53 IST">
  <testcase classname="com.midas.qa.testcases.HomePageTest" name="verifyuserName" time="6.665"/>
  <testcase classname="com.midas.qa.testcases.HomePageTest" name="verifyHomePageTitleTest" time="0.012">
    <skipped/>
  </testcase> <!-- verifyHomePageTitleTest -->
  <testcase classname="com.midas.qa.testcases.HomePageTest" name="verifyHomePageTitleTest" time="0.016">
    <skipped/>
  </testcase> <!-- verifyHomePageTitleTest -->
  <testcase classname="com.midas.qa.testcases.HomePageTest" name="verifyHomePageTitleTest" time="0.016">
    <failure type="java.lang.AssertionError" message="Home page title not matched expected [ssruat.infoplusmdm] but found [LoginModule]">
      <![CDATA[java.lang.AssertionError: Home page title not matched expected [ssruat.infoplusmdm] but found [LoginModule]
at com.midas.qa.testcases.HomePageTest.verifyHomePageTitleTest(HomePageTest.java:34)
at java.base/java.util.ArrayList.forEach(ArrayList.java:1596)
... Removed 30 stack frames]]>
    </failure>
  </testcase> <!-- verifyHomePageTitleTest -->
</testsuite> <!-- Flow_Test -->
