<?xml version="1.0" encoding="UTF-8"?>
<!-- Generated by org.testng.reporters.JUnitXMLReporter -->
<testsuite ignored="0" hostname="IPMDM20" failures="1" tests="3" name="Test" time="44.09" errors="0" timestamp="2025-04-22T19:11:52 IST">
  <testcase classname="com.midas.qa.testcases.HomePageTest" name="verifyHomePageTitleTest" time="0.026">
    <skipped/>
  </testcase> <!-- verifyHomePageTitleTest -->
  <testcase classname="com.midas.qa.testcases.HomePageTest" name="verifyuserName" time="8.337"/>
  <testcase classname="com.midas.qa.testcases.HomePageTest" name="verifyHomePageTitleTest" time="0.015">
    <failure type="java.lang.AssertionError" message="Home page title not matched expected [ssruat.infoplusmdm] but found [LoginModule]">
      <![CDATA[java.lang.AssertionError: Home page title not matched expected [ssruat.infoplusmdm] but found [LoginModule]
at com.midas.qa.testcases.HomePageTest.verifyHomePageTitleTest(HomePageTest.java:33)
at java.base/java.util.concurrent.ThreadPoolExecutor.runWorker(ThreadPoolExecutor.java:1144)
at java.base/java.util.concurrent.ThreadPoolExecutor$Worker.run(ThreadPoolExecutor.java:642)
at java.base/java.lang.Thread.run(Thread.java:1583)
... Removed 15 stack frames]]>
    </failure>
  </testcase> <!-- verifyHomePageTitleTest -->
</testsuite> <!-- Test -->
